-------------------------------------------------------------------------------
Test set: TestSuite
-------------------------------------------------------------------------------
Tests run: 4, Failures: 1, Errors: 0, Skipped: 0, Time elapsed: 18.248 s <<< FAILURE! - in TestSuite
Academy.E2EProject.validateTitle.getTitle  Time elapsed: 0.226 s  <<< FAILURE!
java.lang.AssertionError: expected [FEATURED COURrSES] but found [FEATURED COURSES]
	at Academy.E2EProject.validateTitle.getTitle(validateTitle.java:31)

