<?xml version="1.0" encoding="UTF-8"?>
<testsuite xmlns:xsi="http://www.w3.org/2001/XMLSchema-instance" xsi:noNamespaceSchemaLocation="https://maven.apache.org/surefire/maven-surefire-plugin/xsd/surefire-test-report-3.0.xsd" version="3.0" name="TestSuite" time="18.248" tests="4" errors="0" skipped="0" failures="1">
  <properties>
[...]
</properties>
  <testcase name="getTitle" classname="Academy.E2EProject.validateTitle" time="0.226">
    <failure message="expected [FEATURED COURrSES] but found [FEATURED COURSES]" type="java.lang.AssertionError"><![CDATA[java.lang.AssertionError: expected [FEATURED COURrSES] but found [FEATURED COURSES]
	at Academy.E2EProject.validateTitle.getTitle(validateTitle.java:31)
]]></failure>
    <system-out><![CDATA[2020-08-25 21:44:14,912 main ERROR Loggers cannot be configured without a name: arg[2](null)
2020-08-25 21:44:14,916 main ERROR logger Logger has no parameter that matches element Root
2020-08-25 21:44:14,916 main ERROR Unable to invoke factory method in class org.apache.logging.log4j.core.config.LoggerConfig for element Logger: org.apache.logging.log4j.core.config.ConfigurationException: Arguments given for element Logger are invalid org.apache.logging.log4j.core.config.ConfigurationException: Arguments given for element Logger are invalid
	at org.apache.logging.log4j.core.config.plugins.util.PluginBuilder.generateParameters(PluginBuilder.java:280)
	at org.apache.logging.log4j.core.config.plugins.util.PluginBuilder.build(PluginBuilder.java:135)
	at org.apache.logging.log4j.core.config.AbstractConfiguration.createPluginObject(AbstractConfiguration.java:1002)
	at org.apache.logging.log4j.core.config.AbstractConfiguration.createConfiguration(AbstractConfiguration.java:942)
	at org.apache.logging.log4j.core.config.AbstractConfiguration.doConfigure(AbstractConfiguration.java:552)
	at org.apache.logging.log4j.core.config.AbstractConfiguration.initialize(AbstractConfiguration.java:241)
	at org.apache.logging.log4j.core.config.AbstractConfiguration.start(AbstractConfiguration.java:288)
	at org.apache.logging.log4j.core.LoggerContext.setConfiguration(LoggerContext.java:618)
	at org.apache.logging.log4j.core.LoggerContext.reconfigure(LoggerContext.java:691)
	at org.apache.logging.log4j.core.LoggerContext.reconfigure(LoggerContext.java:708)
	at org.apache.logging.log4j.core.LoggerContext.start(LoggerContext.java:263)
	at org.apache.logging.log4j.core.impl.Log4jContextFactory.getContext(Log4jContextFactory.java:243)
	at org.apache.logging.log4j.core.impl.Log4jContextFactory.getContext(Log4jContextFactory.java:45)
	at org.apache.logging.log4j.LogManager.getContext(LogManager.java:174)
	at org.apache.logging.log4j.LogManager.getLogger(LogManager.java:669)
	at Academy.E2EProject.validateTitle.<clinit>(validateTitle.java:19)
	at sun.reflect.NativeConstructorAccessorImpl.newInstance0(Native Method)
	at sun.reflect.NativeConstructorAccessorImpl.newInstance(NativeConstructorAccessorImpl.java:62)
	at sun.reflect.DelegatingConstructorAccessorImpl.newInstance(DelegatingConstructorAccessorImpl.java:45)
	at java.lang.reflect.Constructor.newInstance(Constructor.java:423)
	at org.testng.internal.ObjectFactoryImpl.newInstance(ObjectFactoryImpl.java:23)
	at org.testng.internal.InstanceCreator.instantiateUsingDefaultConstructor(InstanceCreator.java:193)
	at org.testng.internal.InstanceCreator.createInstanceUsingObjectFactory(InstanceCreator.java:113)
	at org.testng.internal.InstanceCreator.createInstance(InstanceCreator.java:79)
	at org.testng.internal.ClassImpl.getDefaultInstance(ClassImpl.java:109)
	at org.testng.internal.ClassImpl.getInstances(ClassImpl.java:167)
	at org.testng.TestClass.getInstances(TestClass.java:102)
	at org.testng.TestClass.initTestClassesAndInstances(TestClass.java:82)
	at org.testng.TestClass.init(TestClass.java:74)
	at org.testng.TestClass.<init>(TestClass.java:39)
	at org.testng.TestRunner.initMethods(TestRunner.java:459)
	at org.testng.TestRunner.init(TestRunner.java:338)
	at org.testng.TestRunner.init(TestRunner.java:291)
	at org.testng.TestRunner.<init>(TestRunner.java:179)
	at org.testng.SuiteRunner$DefaultTestRunnerFactory.newTestRunner(SuiteRunner.java:613)
	at org.testng.SuiteRunner.init(SuiteRunner.java:178)
	at org.testng.SuiteRunner.<init>(SuiteRunner.java:112)
	at org.testng.TestNG.createSuiteRunner(TestNG.java:1275)
	at org.testng.TestNG.createSuiteRunners(TestNG.java:1251)
	at org.testng.TestNG.runSuitesLocally(TestNG.java:1100)
	at org.testng.TestNG.runSuites(TestNG.java:1039)
	at org.testng.TestNG.run(TestNG.java:1007)
	at org.apache.maven.surefire.testng.TestNGExecutor.run(TestNGExecutor.java:284)
	at org.apache.maven.surefire.testng.TestNGXmlTestSuite.execute(TestNGXmlTestSuite.java:75)
	at org.apache.maven.surefire.testng.TestNGProvider.invoke(TestNGProvider.java:119)
	at org.apache.maven.surefire.booter.ForkedBooter.runSuitesInProcess(ForkedBooter.java:428)
	at org.apache.maven.surefire.booter.ForkedBooter.execute(ForkedBooter.java:162)
	at org.apache.maven.surefire.booter.ForkedBooter.run(ForkedBooter.java:562)
	at org.apache.maven.surefire.booter.ForkedBooter.main(ForkedBooter.java:548)

2020-08-25 21:44:14,920 main WARN No Loggers were configured, using default. Is the Loggers element missing?
]]></system-out>
    <system-err><![CDATA[SSttaarrttiingn gC hChrroommeeDDrriivveer r8 3.80.34.100.34.13903 .(3cc9b (f0c1c1bcfb021d1c2bb129bd5026db8414940b04580368d681434442c0200c4d8-38re61fs34/b2rc2a0ncchd--hreefads/s/b4ra1n03c@h-{#h4e1ad6}s/)4 So1t0an3r t@p{o#rit4n 136g}35) 8 C0onh 
rpOnoorlmty  e3l3oDc3a6rl0 ic
veOonrl n8yn 3le.co0tc.ia4o1ln0 s3c o.an3r9e n a(elcctclbiofown0s1e 1dca.bre2 
adlP2lbol1ew9abeds5.0e6
dP 8l4se4ea4es0e 0 h4s8t3e8t6e13p 42shc20t:cdt-/rep/sfc:sh//r/bocrmhaerndocrmhi-evdhererai.dvcsher/or4.mc1hi0ru3om@m.{oi#u4rm1.g6o/}rsg)/ seoeccnuurri tpyio-tcryon-tsc i1doe6nsr9ia0dteria3otnis
o Onfnslo yr f loosrc uagslgu ecgosgntneeisctotiinoosnnss   aoronen  a klkleeoeepipwniegnd g.C hC
rhPorlmoeemaDesreDi vrseierve e srh atfstaepf.se.:
/
/chromedriver.chromium.org/security-considerations for suggestions on keeping ChromeDriver safe.
CChhrroommeeDDrriveir vwaers w asst arstetd asurccteessdfu slulyc.
cessfully.
ChromeDriver was started successfully.
[1598406258.293][WARNING]: This version of ChromeDriver has not been tested with Chrome version 84.
[1598406258.346][WARNING]: This version of ChromeDriver has not been tested with Chrome version 84.
[1598406258.352][WARNING]: This version of ChromeDriver has not been tested with Chrome version 84.
Aug 25, 2020 9:44:20 PM org.openqa.selenium.remote.ProtocolHandshake createSession
INFO: Detected dialect: W3C
Aug 25, 2020 9:44:20 PM org.openqa.selenium.remote.ProtocolHandshake createSession
INFO: Detected dialect: W3C
Aug 25, 2020 9:44:20 PM org.openqa.selenium.remote.ProtocolHandshake createSession
INFO: Detected dialect: W3C
]]></system-err>
  </testcase>
  <testcase name="validateNavBar" classname="Academy.E2EProject.validateNavigationBar" time="0.204"/>
  <testcase name="validateLogin[jerryrice@gmail.com, 123456, Restricted user](1)" classname="Academy.E2EProject.HomePage" time="2.158"/>
  <testcase name="validateLogin[malcommiddle99@gmail.com, 123456, Non Restricted user](2)" classname="Academy.E2EProject.HomePage" time="3.184"/>
</testsuite>