<?xml version="1.0" encoding="UTF-8"?>
<!-- Generated by org.testng.reporters.JUnitXMLReporter -->
<testsuite hostname="Lanke" ignored="0" name="Test" tests="4" failures="0" timestamp="2020-08-17T18:37:41 EDT" time="25.99" errors="0">
  <testcase name="basePageNavigation" time="6.085" classname="Academy.E2EProject.HomePage"/>
  <testcase name="basePageNavigation" time="2.276" classname="Academy.E2EProject.HomePage"/>
  <testcase name="basePageNavigation" time="0.036" classname="Academy.E2EProject.validateTitle"/>
  <testcase name="basePageNavigation" time="0.049" classname="Academy.E2EProject.validateNavigationBar"/>
</testsuite> <!-- Test -->
