<?xml version="1.0" encoding="UTF-8"?>
<!-- Generated by org.testng.reporters.JUnitXMLReporter -->
<testsuite hostname="Lanke" ignored="0" name="ValidateTitle" tests="1" failures="1" timestamp="2020-08-26T00:07:17 EDT" time="21.145" errors="0">
  <testcase name="getTitle" time="0.04" classname="Academy.E2EProject.validateTitle">
    <failure type="java.lang.AssertionError" message="expected [FEATURED COURrSES] but found [FEATURED COURSES]">
      <![CDATA[java.lang.AssertionError: expected [FEATURED COURrSES] but found [FEATURED COURSES]
at Academy.E2EProject.validateTitle.getTitle(validateTitle.java:31)
at java.util.ArrayList.forEach(Unknown Source)
at java.util.concurrent.FutureTask.run(Unknown Source)
at java.util.concurrent.ThreadPoolExecutor.runWorker(Unknown Source)
at java.util.concurrent.ThreadPoolExecutor$Worker.run(Unknown Source)
at java.lang.Thread.run(Unknown Source)
... Removed 23 stack frames]]>
    </failure>
  </testcase> <!-- getTitle -->
</testsuite> <!-- ValidateTitle -->
