<?xml version="1.0" encoding="UTF-8"?>
<testng-results skipped="0" failed="1" ignored="0" total="4" passed="3">
  <reporter-output>
  </reporter-output>
  <suite name="Suite" duration-ms="14687" started-at="2020-10-10T18:58:54 EDT" finished-at="2020-10-10T18:59:08 EDT">
    <groups>
    </groups>
    <test name="AppTesting" duration-ms="12" started-at="2020-10-10T18:58:54 EDT" finished-at="2020-10-10T18:58:54 EDT">
    </test> <!-- AppTesting -->
    <test name="Validate Title in page" duration-ms="8239" started-at="2020-10-10T18:58:54 EDT" finished-at="2020-10-10T18:59:02 EDT">
      <class name="Academy.E2EProject.validateNavigationBar">
        <test-method status="PASS" signature="initialize()[pri:0, instance:Academy.E2EProject.validateNavigationBar@1622f1b]" name="initialize" is-config="true" duration-ms="8004" started-at="2020-10-10T18:58:54 EDT" finished-at="2020-10-10T18:59:02 EDT">
          <reporter-output>
          </reporter-output>
        </test-method> <!-- initialize -->
        <test-method status="PASS" signature="validateNavBar()[pri:0, instance:Academy.E2EProject.validateNavigationBar@1622f1b]" name="validateNavBar" duration-ms="103" started-at="2020-10-10T18:59:02 EDT" finished-at="2020-10-10T18:59:02 EDT">
          <reporter-output>
          </reporter-output>
        </test-method> <!-- validateNavBar -->
        <test-method status="PASS" signature="tearDown()[pri:0, instance:Academy.E2EProject.validateNavigationBar@1622f1b]" name="tearDown" is-config="true" duration-ms="100" started-at="2020-10-10T18:59:02 EDT" finished-at="2020-10-10T18:59:02 EDT">
          <reporter-output>
          </reporter-output>
        </test-method> <!-- tearDown -->
      </class> <!-- Academy.E2EProject.validateNavigationBar -->
    </test> <!-- Validate Title in page -->
    <test name="ValidateTitle" duration-ms="10017" started-at="2020-10-10T18:58:54 EDT" finished-at="2020-10-10T18:59:04 EDT">
      <class name="Academy.E2EProject.validateTitle">
        <test-method status="PASS" signature="initialize()[pri:0, instance:Academy.E2EProject.validateTitle@5c44c582]" name="initialize" is-config="true" duration-ms="8913" started-at="2020-10-10T18:58:54 EDT" finished-at="2020-10-10T18:59:03 EDT">
          <reporter-output>
          </reporter-output>
        </test-method> <!-- initialize -->
        <test-method status="FAIL" signature="getTitle()[pri:0, instance:Academy.E2EProject.validateTitle@5c44c582]" name="getTitle" duration-ms="44" started-at="2020-10-10T18:59:03 EDT" finished-at="2020-10-10T18:59:03 EDT">
          <exception class="java.lang.AssertionError">
            <message>
              <![CDATA[expected [FEATURED COURrSES] but found [FEATURED COURSES]]]>
            </message>
            <full-stacktrace>
              <![CDATA[java.lang.AssertionError: expected [FEATURED COURrSES] but found [FEATURED COURSES]
at org.testng.Assert.fail(Assert.java:99)
at org.testng.Assert.failNotEquals(Assert.java:1037)
at org.testng.Assert.assertEqualsImpl(Assert.java:140)
at org.testng.Assert.assertEquals(Assert.java:122)
at org.testng.Assert.assertEquals(Assert.java:629)
at org.testng.Assert.assertEquals(Assert.java:639)
at Academy.E2EProject.validateTitle.getTitle(validateTitle.java:33)
at sun.reflect.NativeMethodAccessorImpl.invoke0(Native Method)
at sun.reflect.NativeMethodAccessorImpl.invoke(Unknown Source)
at sun.reflect.DelegatingMethodAccessorImpl.invoke(Unknown Source)
at java.lang.reflect.Method.invoke(Unknown Source)
at org.testng.internal.MethodInvocationHelper.invokeMethod(MethodInvocationHelper.java:132)
at org.testng.internal.TestInvoker.invokeMethod(TestInvoker.java:599)
at org.testng.internal.TestInvoker.invokeTestMethod(TestInvoker.java:174)
at org.testng.internal.MethodRunner.runInSequence(MethodRunner.java:46)
at org.testng.internal.TestInvoker$MethodInvocationAgent.invoke(TestInvoker.java:822)
at org.testng.internal.TestInvoker.invokeTestMethods(TestInvoker.java:147)
at org.testng.internal.TestMethodWorker.invokeTestMethods(TestMethodWorker.java:146)
at org.testng.internal.TestMethodWorker.run(TestMethodWorker.java:128)
at java.util.ArrayList.forEach(Unknown Source)
at org.testng.TestRunner.privateRun(TestRunner.java:764)
at org.testng.TestRunner.run(TestRunner.java:585)
at org.testng.SuiteRunner.runTest(SuiteRunner.java:384)
at org.testng.SuiteRunner.access$000(SuiteRunner.java:28)
at org.testng.SuiteRunner$SuiteWorker.run(SuiteRunner.java:425)
at org.testng.internal.thread.ThreadUtil.lambda$execute$0(ThreadUtil.java:66)
at java.util.concurrent.FutureTask.run(Unknown Source)
at java.util.concurrent.ThreadPoolExecutor.runWorker(Unknown Source)
at java.util.concurrent.ThreadPoolExecutor$Worker.run(Unknown Source)
at java.lang.Thread.run(Unknown Source)
]]>
            </full-stacktrace>
          </exception> <!-- java.lang.AssertionError -->
          <reporter-output>
          </reporter-output>
        </test-method> <!-- getTitle -->
        <test-method status="PASS" signature="tearDown()[pri:0, instance:Academy.E2EProject.validateTitle@5c44c582]" name="tearDown" is-config="true" duration-ms="96" started-at="2020-10-10T18:59:04 EDT" finished-at="2020-10-10T18:59:04 EDT">
          <reporter-output>
          </reporter-output>
        </test-method> <!-- tearDown -->
      </class> <!-- Academy.E2EProject.validateTitle -->
    </test> <!-- ValidateTitle -->
    <test name="Validate User Login" duration-ms="14687" started-at="2020-10-10T18:58:54 EDT" finished-at="2020-10-10T18:59:08 EDT">
      <class name="Academy.E2EProject.HomePage">
        <test-method status="PASS" signature="initialize()[pri:0, instance:Academy.E2EProject.HomePage@1184ab05]" name="initialize" is-config="true" duration-ms="4249" started-at="2020-10-10T18:58:54 EDT" finished-at="2020-10-10T18:58:58 EDT">
          <reporter-output>
          </reporter-output>
        </test-method> <!-- initialize -->
        <test-method status="PASS" signature="validateLogin(java.lang.String, java.lang.String, java.lang.String)[pri:0, instance:Academy.E2EProject.HomePage@1184ab05]" name="validateLogin" duration-ms="7572" started-at="2020-10-10T18:58:58 EDT" data-provider="getData" finished-at="2020-10-10T18:59:06 EDT">
          <params>
            <param index="0">
              <value>
                <![CDATA[jerryrice@gmail.com]]>
              </value>
            </param>
            <param index="1">
              <value>
                <![CDATA[123456]]>
              </value>
            </param>
            <param index="2">
              <value>
                <![CDATA[Restricted user]]>
              </value>
            </param>
          </params>
          <reporter-output>
          </reporter-output>
        </test-method> <!-- validateLogin -->
        <test-method status="PASS" signature="validateLogin(java.lang.String, java.lang.String, java.lang.String)[pri:0, instance:Academy.E2EProject.HomePage@1184ab05]" name="validateLogin" duration-ms="2763" started-at="2020-10-10T18:59:06 EDT" data-provider="getData" finished-at="2020-10-10T18:59:08 EDT">
          <params>
            <param index="0">
              <value>
                <![CDATA[malcommiddle99@gmail.com]]>
              </value>
            </param>
            <param index="1">
              <value>
                <![CDATA[123456]]>
              </value>
            </param>
            <param index="2">
              <value>
                <![CDATA[Non Restricted user]]>
              </value>
            </param>
          </params>
          <reporter-output>
          </reporter-output>
        </test-method> <!-- validateLogin -->
        <test-method status="PASS" signature="tearDown()[pri:0, instance:Academy.E2EProject.HomePage@1184ab05]" name="tearDown" is-config="true" duration-ms="54" started-at="2020-10-10T18:59:08 EDT" finished-at="2020-10-10T18:59:08 EDT">
          <reporter-output>
          </reporter-output>
        </test-method> <!-- tearDown -->
      </class> <!-- Academy.E2EProject.HomePage -->
    </test> <!-- Validate User Login -->
  </suite> <!-- Suite -->
</testng-results>
