<?xml version="1.0" encoding="UTF-8"?>
<!-- Generated by org.testng.reporters.JUnitXMLReporter -->
<testsuite hostname="Lanke" ignored="0" name="Test" tests="4" failures="0" timestamp="2020-08-17T18:48:30 EDT" time="23.754" errors="0">
  <testcase name="basePageNavigation" time="5.2" classname="Academy.E2EProject.HomePage"/>
  <testcase name="basePageNavigation" time="2.08" classname="Academy.E2EProject.HomePage"/>
  <testcase name="basePageNavigation" time="0.031" classname="Academy.E2EProject.validateTitle"/>
  <testcase name="basePageNavigation" time="0.058" classname="Academy.E2EProject.validateNavigationBar"/>
</testsuite> <!-- Test -->
