<?xml version="1.0" encoding="UTF-8"?>
<!-- Generated by org.testng.reporters.JUnitXMLReporter -->
<testsuite hostname="Lanke" ignored="0" name="ValidateHomepage" tests="4" failures="1" timestamp="2020-08-25T21:44:31 EDT" time="16.21" errors="0">
  <testcase name="getTitle" time="0.21" classname="Academy.E2EProject.validateTitle">
    <failure type="java.lang.AssertionError" message="expected [FEATURED COURrSES] but found [FEATURED COURSES]">
      <![CDATA[java.lang.AssertionError: expected [FEATURED COURrSES] but found [FEATURED COURSES]
at Academy.E2EProject.validateTitle.getTitle(validateTitle.java:31)
at java.util.ArrayList.forEach(ArrayList.java:1257)
at java.util.concurrent.FutureTask.run(FutureTask.java:266)
at java.util.concurrent.ThreadPoolExecutor.runWorker(ThreadPoolExecutor.java:1149)
at java.util.concurrent.ThreadPoolExecutor$Worker.run(ThreadPoolExecutor.java:624)
at java.lang.Thread.run(Thread.java:748)
... Removed 23 stack frames]]>
    </failure>
  </testcase> <!-- getTitle -->
  <testcase name="validateNavBar" time="0.204" classname="Academy.E2EProject.validateNavigationBar"/>
  <testcase name="validateLogin" time="7.631" classname="Academy.E2EProject.HomePage"/>
  <testcase name="validateLogin" time="3.184" classname="Academy.E2EProject.HomePage"/>
</testsuite> <!-- ValidateHomepage -->
